# JRE version: Java(TM) SE Runtime Environment (8.0_45-b15) (build 1.8.0_45-b15)
# Java VM: Java HotSpot(TM) 64-Bit Server VM (25.45-b02 mixed mode windows-amd64 compressed oops)
Heap:
 PSYoungGen      total 142848K, used 35903K [0x00000000eb200000, 0x00000000f5400000, 0x0000000100000000)
  eden space 128512K, 27% used [0x00000000eb200000,0x00000000ed50fe08,0x00000000f2f80000)
  from space 14336K, 0% used [0x00000000f2f80000,0x00000000f2f80000,0x00000000f3d80000)
  to   space 9216K, 0% used [0x00000000f3d80000,0x00000000f3d80000,0x00000000f4680000)
 ParOldGen       total 68096K, used 30331K [0x00000000c1600000, 0x00000000c5880000, 0x00000000eb200000)
  object space 68096K, 44% used [0x00000000c1600000,0x00000000c339eda8,0x00000000c5880000)
 Metaspace       used 35982K, capacity 37098K, committed 37416K, reserved 1083392K
  class space    used 4901K, capacity 5293K, committed 5416K, reserved 1048576K
GC Heap History (10 events):
Event: 13.258 GC heap before
{Heap before GC invocations=13 (full 1):
 PSYoungGen      total 80896K, used 78344K [0x00000000eb200000, 0x00000000f2200000, 0x0000000100000000)
  eden space 73216K, 100% used [0x00000000eb200000,0x00000000ef980000,0x00000000ef980000)
  from space 7680K, 66% used [0x00000000ef980000,0x00000000efe82100,0x00000000f0100000)
  to   space 7680K, 0% used [0x00000000f1a80000,0x00000000f1a80000,0x00000000f2200000)
 ParOldGen       total 33792K, used 9642K [0x00000000c1600000, 0x00000000c3700000, 0x00000000eb200000)
  object space 33792K, 28% used [0x00000000c1600000,0x00000000c1f6aba0,0x00000000c3700000)
 Metaspace       used 27598K, capacity 28138K, committed 28416K, reserved 1073152K
  class space    used 3639K, capacity 3813K, committed 3840K, reserved 1048576K
Event: 13.272 GC heap after
Heap after GC invocations=13 (full 1):
 PSYoungGen      total 104960K, used 2793K [0x00000000eb200000, 0x00000000f2100000, 0x0000000100000000)
  eden space 98304K, 0% used [0x00000000eb200000,0x00000000eb200000,0x00000000f1200000)
  from space 6656K, 41% used [0x00000000f1a80000,0x00000000f1d3a458,0x00000000f2100000)
  to   space 7680K, 0% used [0x00000000f1200000,0x00000000f1200000,0x00000000f1980000)
 ParOldGen       total 33792K, used 12611K [0x00000000c1600000, 0x00000000c3700000, 0x00000000eb200000)
  object space 33792K, 37% used [0x00000000c1600000,0x00000000c2250e18,0x00000000c3700000)
 Metaspace       used 27598K, capacity 28138K, committed 28416K, reserved 1073152K
  class space    used 3639K, capacity 3813K, committed 3840K, reserved 1048576K
}
Event: 15.075 GC heap before
{Heap before GC invocations=14 (full 1):
 PSYoungGen      total 104960K, used 101097K [0x00000000eb200000, 0x00000000f2100000, 0x0000000100000000)
  eden space 98304K, 100% used [0x00000000eb200000,0x00000000f1200000,0x00000000f1200000)
  from space 6656K, 41% used [0x00000000f1a80000,0x00000000f1d3a458,0x00000000f2100000)
  to   space 7680K, 0% used [0x00000000f1200000,0x00000000f1200000,0x00000000f1980000)
 ParOldGen       total 33792K, used 12611K [0x00000000c1600000, 0x00000000c3700000, 0x00000000eb200000)
  object space 33792K, 37% used [0x00000000c1600000,0x00000000c2250e18,0x00000000c3700000)
 Metaspace       used 30879K, capacity 31570K, committed 31872K, reserved 1077248K
  class space    used 4187K, capacity 4405K, committed 4480K, reserved 1048576K
Event: 15.109 GC heap after
Heap after GC invocations=14 (full 1):
 PSYoungGen      total 105984K, used 7654K [0x00000000eb200000, 0x00000000f4680000, 0x0000000100000000)
  eden space 98304K, 0% used [0x00000000eb200000,0x00000000eb200000,0x00000000f1200000)
  from space 7680K, 99% used [0x00000000f1200000,0x00000000f1979a48,0x00000000f1980000)
  to   space 9216K, 0% used [0x00000000f3d80000,0x00000000f3d80000,0x00000000f4680000)
 ParOldGen       total 33792K, used 14819K [0x00000000c1600000, 0x00000000c3700000, 0x00000000eb200000)
  object space 33792K, 43% used [0x00000000c1600000,0x00000000c2478ce0,0x00000000c3700000)
 Metaspace       used 30879K, capacity 31570K, committed 31872K, reserved 1077248K
  class space    used 4187K, capacity 4405K, committed 4480K, reserved 1048576K
}
Event: 16.845 GC heap before
{Heap before GC invocations=15 (full 1):
 PSYoungGen      total 105984K, used 105958K [0x00000000eb200000, 0x00000000f4680000, 0x0000000100000000)
  eden space 98304K, 100% used [0x00000000eb200000,0x00000000f1200000,0x00000000f1200000)
  from space 7680K, 99% used [0x00000000f1200000,0x00000000f1979a48,0x00000000f1980000)
  to   space 9216K, 0% used [0x00000000f3d80000,0x00000000f3d80000,0x00000000f4680000)
 ParOldGen       total 33792K, used 14819K [0x00000000c1600000, 0x00000000c3700000, 0x00000000eb200000)
  object space 33792K, 43% used [0x00000000c1600000,0x00000000c2478ce0,0x00000000c3700000)
 Metaspace       used 34063K, capacity 35188K, committed 35456K, reserved 1079296K
  class space    used 4614K, capacity 4969K, committed 4992K, reserved 1048576K
Event: 16.899 GC heap after
Heap after GC invocations=15 (full 1):
 PSYoungGen      total 137728K, used 9216K [0x00000000eb200000, 0x00000000f5400000, 0x0000000100000000)
  eden space 128512K, 0% used [0x00000000eb200000,0x00000000eb200000,0x00000000f2f80000)
  from space 9216K, 100% used [0x00000000f3d80000,0x00000000f4680000,0x00000000f4680000)
  to   space 14336K, 0% used [0x00000000f2f80000,0x00000000f2f80000,0x00000000f3d80000)
 ParOldGen       total 33792K, used 24108K [0x00000000c1600000, 0x00000000c3700000, 0x00000000eb200000)
  object space 33792K, 71% used [0x00000000c1600000,0x00000000c2d8b330,0x00000000c3700000)
 Metaspace       used 34063K, capacity 35188K, committed 35456K, reserved 1079296K
  class space    used 4614K, capacity 4969K, committed 4992K, reserved 1048576K
}
Event: 16.998 GC heap before
{Heap before GC invocations=16 (full 1):
 PSYoungGen      total 137728K, used 16926K [0x00000000eb200000, 0x00000000f5400000, 0x0000000100000000)
  eden space 128512K, 5% used [0x00000000eb200000,0x00000000eb9879b8,0x00000000f2f80000)
  from space 9216K, 100% used [0x00000000f3d80000,0x00000000f4680000,0x00000000f4680000)
  to   space 14336K, 0% used [0x00000000f2f80000,0x00000000f2f80000,0x00000000f3d80000)
 ParOldGen       total 33792K, used 24108K [0x00000000c1600000, 0x00000000c3700000, 0x00000000eb200000)
  object space 33792K, 71% used [0x00000000c1600000,0x00000000c2d8b330,0x00000000c3700000)
 Metaspace       used 34359K, capacity 35412K, committed 35496K, reserved 1079296K
  class space    used 4646K, capacity 5001K, committed 5032K, reserved 1048576K
Event: 17.015 GC heap after
Heap after GC invocations=16 (full 1):
 PSYoungGen      total 142848K, used 832K [0x00000000eb200000, 0x00000000f5400000, 0x0000000100000000)
  eden space 128512K, 0% used [0x00000000eb200000,0x00000000eb200000,0x00000000f2f80000)
  from space 14336K, 5% used [0x00000000f2f80000,0x00000000f3050000,0x00000000f3d80000)
  to   space 9216K, 0% used [0x00000000f3d80000,0x00000000f3d80000,0x00000000f4680000)
 ParOldGen       total 33792K, used 33396K [0x00000000c1600000, 0x00000000c3700000, 0x00000000eb200000)
  object space 33792K, 98% used [0x00000000c1600000,0x00000000c369d3a0,0x00000000c3700000)
 Metaspace       used 34359K, capacity 35412K, committed 35496K, reserved 1079296K
  class space    used 4646K, capacity 5001K, committed 5032K, reserved 1048576K
}
Event: 17.015 GC heap before
{Heap before GC invocations=17 (full 2):
 PSYoungGen      total 142848K, used 832K [0x00000000eb200000, 0x00000000f5400000, 0x0000000100000000)
  eden space 128512K, 0% used [0x00000000eb200000,0x00000000eb200000,0x00000000f2f80000)
  from space 14336K, 5% used [0x00000000f2f80000,0x00000000f3050000,0x00000000f3d80000)
  to   space 9216K, 0% used [0x00000000f3d80000,0x00000000f3d80000,0x00000000f4680000)
 ParOldGen       total 33792K, used 33396K [0x00000000c1600000, 0x00000000c3700000, 0x00000000eb200000)
  object space 33792K, 98% used [0x00000000c1600000,0x00000000c369d3a0,0x00000000c3700000)
 Metaspace       used 34359K, capacity 35412K, committed 35496K, reserved 1079296K
  class space    used 4646K, capacity 5001K, committed 5032K, reserved 1048576K
Event: 17.280 GC heap after
Heap after GC invocations=17 (full 2):
 PSYoungGen      total 142848K, used 0K [0x00000000eb200000, 0x00000000f5400000, 0x0000000100000000)
  eden space 128512K, 0% used [0x00000000eb200000,0x00000000eb200000,0x00000000f2f80000)
  from space 14336K, 0% used [0x00000000f2f80000,0x00000000f2f80000,0x00000000f3d80000)
  to   space 9216K, 0% used [0x00000000f3d80000,0x00000000f3d80000,0x00000000f4680000)
 ParOldGen       total 68096K, used 30331K [0x00000000c1600000, 0x00000000c5880000, 0x00000000eb200000)
  object space 68096K, 44% used [0x00000000c1600000,0x00000000c339eda8,0x00000000c5880000)
 Metaspace       used 34215K, capacity 35132K, committed 35496K, reserved 1079296K
  class space    used 4614K, capacity 4933K, committed 5032K, reserved 1048576K
}

